[debug] ----------------------------------------------------------------------
[debug] Command:      C:\Program Files\nodejs\node.exe C:\Kc\prinkspotwebsite\public\node_modules\firebase-tools\bin\firebase serve
[debug] CLI Version:  3.6.1
[debug] Platform:     win32
[debug] Node Version: v4.6.0
[debug] Time:         Mon May 01 2017 10:44:15 GMT+0700 (SE Asia Standard Time)
[debug] ----------------------------------------------------------------------
[debug] 
[debug] > command requires scopes: ["email","openid","https://www.googleapis.com/auth/cloudplatformprojects.readonly","https://www.googleapis.com/auth/firebase","https://www.googleapis.com/auth/cloud-platform"]
[debug] > refreshing access token with scopes: ["email","https://www.googleapis.com/auth/cloud-platform","https://www.googleapis.com/auth/cloudplatformprojects.readonly","https://www.googleapis.com/auth/firebase","openid"]
[debug] >>> HTTP REQUEST POST https://www.googleapis.com/oauth2/v3/token { refresh_token: '1/hocjoMP0WY8USQyKLOtZBDihcxd3DvTqGMnfE7f8cHc',
  client_id: '563584335869-fgrhgmd47bqnekij5i8b5pr03ho849e6.apps.googleusercontent.com',
  client_secret: 'j9iVZfS8kkCEFUPaAeJV0sAi',
  grant_type: 'refresh_token',
  scope: 'email https://www.googleapis.com/auth/cloud-platform https://www.googleapis.com/auth/cloudplatformprojects.readonly https://www.googleapis.com/auth/firebase openid' } 
 Mon May 01 2017 10:44:15 GMT+0700 (SE Asia Standard Time)
[debug] <<< HTTP RESPONSE 200
[debug] >>> HTTP REQUEST GET https://admin.firebase.com/v1/projects/prinkspot  
 Mon May 01 2017 10:44:15 GMT+0700 (SE Asia Standard Time)
[debug] <<< HTTP RESPONSE 200
[debug] >>> HTTP REQUEST GET https://admin.firebase.com/v1/database/prinkspot/tokens  
 Mon May 01 2017 10:44:17 GMT+0700 (SE Asia Standard Time)
[debug] <<< HTTP RESPONSE 200
[info] Starting Firebase development server...
[info] 
[info] Project Directory: C:\Kc\prinkspotwebsite\public
[debug] >>> HTTP REQUEST GET https://cloudresourcemanager.googleapis.com/v1/projects/prinkspot  
 Mon May 01 2017 10:44:18 GMT+0700 (SE Asia Standard Time)
[debug] <<< HTTP RESPONSE 200
[debug] >>> HTTP REQUEST GET https://mobilesdk-pa.googleapis.com/v1/projects/843016414113/clients/_:getWebAppConfig  
 Mon May 01 2017 10:44:19 GMT+0700 (SE Asia Standard Time)
[debug] <<< HTTP RESPONSE 200
[info] Public Directory: public
[info] 
[info] Server listening at: http://localhost:5000
[debug] ----------------------------------------------------------------------
[debug] Command:      C:\Program Files\nodejs\node.exe C:\Kc\prinkspotwebsite\public\node_modules\firebase-tools\bin\firebase serve
[debug] CLI Version:  3.6.1
[debug] Platform:     win32
[debug] Node Version: v4.6.0
[debug] Time:         Mon May 01 2017 11:11:12 GMT+0700 (SE Asia Standard Time)
[debug] ----------------------------------------------------------------------
[debug] 
[debug] > command requires scopes: ["email","openid","https://www.googleapis.com/auth/cloudplatformprojects.readonly","https://www.googleapis.com/auth/firebase","https://www.googleapis.com/auth/cloud-platform"]
[debug] >>> HTTP REQUEST GET https://admin.firebase.com/v1/projects/prinkspot  
 Mon May 01 2017 11:11:12 GMT+0700 (SE Asia Standard Time)
[debug] <<< HTTP RESPONSE 200
[debug] >>> HTTP REQUEST GET https://admin.firebase.com/v1/database/prinkspot/tokens  
 Mon May 01 2017 11:11:13 GMT+0700 (SE Asia Standard Time)
[debug] <<< HTTP RESPONSE 200
[info] Starting Firebase development server...
[info] 
[info] Project Directory: C:\Kc\prinkspotwebsite\public
[debug] >>> HTTP REQUEST GET https://cloudresourcemanager.googleapis.com/v1/projects/prinkspot  
 Mon May 01 2017 11:11:14 GMT+0700 (SE Asia Standard Time)
[debug] <<< HTTP RESPONSE 200
[debug] >>> HTTP REQUEST GET https://mobilesdk-pa.googleapis.com/v1/projects/843016414113/clients/_:getWebAppConfig  
 Mon May 01 2017 11:11:16 GMT+0700 (SE Asia Standard Time)
[debug] <<< HTTP RESPONSE 200
[warn] !  Port 5000 is not available. Trying another port...
[debug] >>> HTTP REQUEST GET https://cloudresourcemanager.googleapis.com/v1/projects/prinkspot  
 Mon May 01 2017 11:11:17 GMT+0700 (SE Asia Standard Time)
[debug] <<< HTTP RESPONSE 200
[debug] >>> HTTP REQUEST GET https://mobilesdk-pa.googleapis.com/v1/projects/843016414113/clients/_:getWebAppConfig  
 Mon May 01 2017 11:11:18 GMT+0700 (SE Asia Standard Time)
[debug] <<< HTTP RESPONSE 200
[info] Public Directory: public
[info] 
[info] Server listening at: http://localhost:5001
[debug] ----------------------------------------------------------------------
[debug] Command:      C:\Program Files\nodejs\node.exe C:\Kc\prinkspotwebsite\public\node_modules\firebase-tools\bin\firebase serve
[debug] CLI Version:  3.6.1
[debug] Platform:     win32
[debug] Node Version: v4.6.0
[debug] Time:         Mon May 01 2017 11:11:33 GMT+0700 (SE Asia Standard Time)
[debug] ----------------------------------------------------------------------
[debug] 
[debug] > command requires scopes: ["email","openid","https://www.googleapis.com/auth/cloudplatformprojects.readonly","https://www.googleapis.com/auth/firebase","https://www.googleapis.com/auth/cloud-platform"]
[debug] >>> HTTP REQUEST GET https://admin.firebase.com/v1/projects/prinkspot  
 Mon May 01 2017 11:11:33 GMT+0700 (SE Asia Standard Time)
[debug] <<< HTTP RESPONSE 200
[debug] >>> HTTP REQUEST GET https://admin.firebase.com/v1/database/prinkspot/tokens  
 Mon May 01 2017 11:11:34 GMT+0700 (SE Asia Standard Time)
[debug] <<< HTTP RESPONSE 200
[info] Starting Firebase development server...
[info] 
[info] Project Directory: C:\Kc\prinkspotwebsite\public
[debug] >>> HTTP REQUEST GET https://cloudresourcemanager.googleapis.com/v1/projects/prinkspot  
 Mon May 01 2017 11:11:35 GMT+0700 (SE Asia Standard Time)
[debug] <<< HTTP RESPONSE 200
[debug] >>> HTTP REQUEST GET https://mobilesdk-pa.googleapis.com/v1/projects/843016414113/clients/_:getWebAppConfig  
 Mon May 01 2017 11:11:36 GMT+0700 (SE Asia Standard Time)
[debug] <<< HTTP RESPONSE 200
[info] Public Directory: public
[info] 
[info] Server listening at: http://localhost:5000
